TN:
SF:C:\Users\User1\Desktop\Polymer 3\hackathon/src/ease-fly/ease-fly.js
FN:28,(anonymous_0)
FN:125,(anonymous_1)
FN:128,(anonymous_2)
FN:131,(anonymous_3)
FN:140,(anonymous_4)
FN:153,(anonymous_5)
FN:164,(anonymous_6)
FN:190,(anonymous_7)
FN:197,(anonymous_8)
FN:206,(anonymous_9)
FNF:10
FNH:8
FNDA:2,(anonymous_0)
FNDA:4,(anonymous_1)
FNDA:0,(anonymous_2)
FNDA:0,(anonymous_3)
FNDA:2,(anonymous_4)
FNDA:4,(anonymous_5)
FNDA:4,(anonymous_6)
FNDA:2,(anonymous_7)
FNDA:8,(anonymous_8)
FNDA:4,(anonymous_9)
DA:26,2
DA:29,2
DA:126,4
DA:128,4
DA:129,0
DA:130,0
DA:131,0
DA:132,0
DA:133,0
DA:135,0
DA:141,2
DA:154,4
DA:165,4
DA:167,4
DA:168,0
DA:169,0
DA:170,0
DA:171,0
DA:172,0
DA:173,0
DA:174,0
DA:175,0
DA:176,0
DA:177,0
DA:178,0
DA:179,0
DA:180,0
DA:181,0
DA:182,4
DA:183,4
DA:191,2
DA:198,8
DA:199,8
DA:207,4
DA:209,4
DA:210,0
DA:215,2
LF:37
LH:16
BRDA:167,0,0,0
BRDA:167,0,1,0
BRDA:167,0,2,0
BRDA:167,0,3,0
BRDA:167,0,4,0
BRDA:167,0,5,0
BRDA:167,0,6,0
BRDA:167,0,7,4
BRDA:199,1,0,8
BRDA:199,1,1,0
BRDA:209,2,0,0
BRDA:209,2,1,4
BRDA:209,3,0,4
BRDA:209,3,1,0
BRF:14
BRH:4
end_of_record
TN:
SF:C:\Users\User1\Desktop\Polymer 3\hackathon/src/ease-fly/error-view.js
FN:3,(anonymous_0)
FNF:1
FNH:1
FNDA:2,(anonymous_0)
DA:4,2
DA:15,2
LF:2
LH:2
BRF:0
BRH:0
end_of_record
